2013-01-22 18:09:25 Debug: Notice (8): Undefined variable: anos_formaturas in [C:\ApacheServer\Apache2.2\htdocs\mileniumformaturas\src\app\View\Propostas\listar_propostas.ctp, line 46]
Trace:
include - APP\View\Propostas\listar_propostas.ctp, line 46
View::_evaluate() - CORE\Cake\View\View.php, line 920
View::_render() - CORE\Cake\View\View.php, line 883
View::render() - CORE\Cake\View\View.php, line 475
Controller::render() - CORE\Cake\Controller\Controller.php, line 957
Dispatcher::_invoke() - CORE\Cake\Routing\Dispatcher.php, line 193
Dispatcher::dispatch() - CORE\Cake\Routing\Dispatcher.php, line 161
[main] - APP\webroot\index.php, line 92

2013-01-22 18:21:43 Debug: Notice (8): Undefined variable: anos_formaturas in [C:\ApacheServer\Apache2.2\htdocs\mileniumformaturas\src\app\View\Propostas\listar_propostas.ctp, line 46]
Trace:
include - APP\View\Propostas\listar_propostas.ctp, line 46
View::_evaluate() - CORE\Cake\View\View.php, line 920
View::_render() - CORE\Cake\View\View.php, line 883
View::render() - CORE\Cake\View\View.php, line 475
Controller::render() - CORE\Cake\Controller\Controller.php, line 957
Dispatcher::_invoke() - CORE\Cake\Routing\Dispatcher.php, line 193
Dispatcher::dispatch() - CORE\Cake\Routing\Dispatcher.php, line 161
[main] - APP\webroot\index.php, line 92

