2013-01-24 21:57:12 Error: all your base are belong to us
2013-01-24 21:59:49 Error: [MissingPluginException] Plugin PluginJs could not be found.
#0 /var/www/desenvolvimento/financas/src/lib/Cake/Core/CakePlugin.php(129): CakePlugin::load('PluginJs', Array)
#1 /var/www/desenvolvimento/financas/src/app/Config/bootstrap.php(146): CakePlugin::loadAll()
#2 /var/www/desenvolvimento/financas/src/lib/Cake/Core/Configure.php(92): include('/var/www/desenv...')
#3 /var/www/desenvolvimento/financas/src/lib/Cake/bootstrap.php(146): Configure::bootstrap(true)
#4 /var/www/desenvolvimento/financas/src/app/webroot/test.php(74): include('/var/www/desenv...')
#5 {main}
2013-01-26 00:29:11 Error: [MissingControllerException] Controller class ImagesController could not be found.
#0 /var/www/desenvolvimento/financas/src/app/webroot/index.php(92): Dispatcher->dispatch(Object(CakeRequest), Object(CakeResponse))
#1 {main}
2013-01-26 00:29:14 Error: [MissingControllerException] Controller class ImagesController could not be found.
#0 /var/www/desenvolvimento/financas/src/app/webroot/index.php(92): Dispatcher->dispatch(Object(CakeRequest), Object(CakeResponse))
#1 {main}
2013-01-26 00:29:14 Error: [MissingControllerException] Controller class ImagesController could not be found.
#0 /var/www/desenvolvimento/financas/src/app/webroot/index.php(92): Dispatcher->dispatch(Object(CakeRequest), Object(CakeResponse))
#1 {main}
2013-01-26 00:29:30 Error: [MissingControllerException] Controller class ImagesController could not be found.
#0 /var/www/desenvolvimento/financas/src/app/webroot/index.php(92): Dispatcher->dispatch(Object(CakeRequest), Object(CakeResponse))
#1 {main}
2013-01-26 00:29:33 Error: [MissingControllerException] Controller class ImagesController could not be found.
#0 /var/www/desenvolvimento/financas/src/app/webroot/index.php(92): Dispatcher->dispatch(Object(CakeRequest), Object(CakeResponse))
#1 {main}
2013-01-26 00:29:33 Error: [MissingControllerException] Controller class ImagesController could not be found.
#0 /var/www/desenvolvimento/financas/src/app/webroot/index.php(92): Dispatcher->dispatch(Object(CakeRequest), Object(CakeResponse))
#1 {main}
2013-01-26 00:29:52 Error: [MissingControllerException] Controller class ImagesController could not be found.
#0 /var/www/desenvolvimento/financas/src/app/webroot/index.php(92): Dispatcher->dispatch(Object(CakeRequest), Object(CakeResponse))
#1 {main}
2013-01-26 00:29:56 Error: [MissingControllerException] Controller class ImagesController could not be found.
#0 /var/www/desenvolvimento/financas/src/app/webroot/index.php(92): Dispatcher->dispatch(Object(CakeRequest), Object(CakeResponse))
#1 {main}
2013-01-26 00:29:56 Error: [MissingControllerException] Controller class ImagesController could not be found.
#0 /var/www/desenvolvimento/financas/src/app/webroot/index.php(92): Dispatcher->dispatch(Object(CakeRequest), Object(CakeResponse))
#1 {main}
